c:\users\николай\source\repos\windowsutilities\windowsutilities\debug\windowsutilities.pch
c:\users\николай\source\repos\windowsutilities\windowsutilities\debug\vc141.pdb
c:\users\николай\source\repos\windowsutilities\windowsutilities\debug\vc141.idb
c:\users\николай\source\repos\windowsutilities\windowsutilities\debug\stdafx.obj
c:\users\николай\source\repos\windowsutilities\windowsutilities\debug\windowsutils.obj
c:\users\николай\source\repos\windowsutilities\windowsutilities\debug\windowsutilities.obj
c:\users\николай\source\repos\windowsutilities\windowsutilities\debug\windowstaskmanager.obj
c:\users\николай\source\repos\windowsutilities\windowsutilities\debug\windowsrandomgenerator.obj
c:\users\николай\source\repos\windowsutilities\windowsutilities\debug\windowsprocessrunner.obj
c:\users\николай\source\repos\windowsutilities\windowsutilities\debug\windowsprocessmanager.obj
c:\users\николай\source\repos\windowsutilities\windowsutilities\debug\dllmain.obj
c:\users\николай\source\repos\paaoptimisation\debug\windowsutilities.ilk
c:\users\николай\source\repos\paaoptimisation\debug\windowsutilities.dll
c:\users\николай\source\repos\paaoptimisation\debug\windowsutilities.pdb
c:\users\николай\source\repos\paaoptimisation\debug\windowsutilities.lib
c:\users\николай\source\repos\paaoptimisation\debug\windowsutilities.exp
c:\users\николай\source\repos\windowsutilities\windowsutilities\debug\windowsutilities.tlog\cl.command.1.tlog
c:\users\николай\source\repos\windowsutilities\windowsutilities\debug\windowsutilities.tlog\cl.read.1.tlog
c:\users\николай\source\repos\windowsutilities\windowsutilities\debug\windowsutilities.tlog\cl.write.1.tlog
c:\users\николай\source\repos\windowsutilities\windowsutilities\debug\windowsutilities.tlog\link.command.1.tlog
c:\users\николай\source\repos\windowsutilities\windowsutilities\debug\windowsutilities.tlog\link.read.1.tlog
c:\users\николай\source\repos\windowsutilities\windowsutilities\debug\windowsutilities.tlog\link.write.1.tlog
c:\users\николай\source\repos\windowsutilities\windowsutilities\debug\windowsutilities.tlog\windowsutilities.write.1u.tlog
